2026-07-24 00:22:36,937 - log_generator.HyperparameterTunning - INFO - Creating Objective Function
2026-07-24 00:24:00,310 - log_generator.HyperparameterTunning - INFO - Creating Objective Function
2026-07-24 00:24:46,912 - log_generator.HyperparameterTunning - INFO - Creating Objective Function
2026-07-24 00:24:46,913 - log_generator.HyperparameterTunning - INFO - n_splits: 5
2026-07-24 00:24:46,913 - log_generator.HyperparameterTunning - INFO - parameter_search_space: {'objective': CategoricalDistribution(choices=('binary:logistic',)), 'eval_metric': CategoricalDistribution(choices=('logloss',)), 'scale_pos_weight': CategoricalDistribution(choices=(1.7,)), 'learning_rate': FloatDistribution(high=0.3, log=True, low=0.01, step=None), 'max_depth': IntDistribution(high=10, log=False, low=4, step=1), 'min_child_weight': IntDistribution(high=8, log=False, low=3, step=1), 'subsample': FloatDistribution(high=1.0, log=False, low=0.7, step=None), 'colsample_bytree': FloatDistribution(high=1.0, log=False, low=0.7, step=None), 'reg_alpha': FloatDistribution(high=3.0, log=True, low=1e-08, step=None), 'reg_lambda': FloatDistribution(high=3.0, log=True, low=1.0, step=None)}
2026-07-24 00:24:46,913 - log_generator.HyperparameterTunning - INFO - scoring_func: <lambda>
2026-07-24 00:24:46,913 - log_generator.HyperparameterTunning - INFO - Creating study in optuna
2026-07-24 00:24:46,913 - log_generator.HyperparameterTunning - INFO - Extracting Best Hyperparameters
2026-07-24 00:25:46,084 - log_generator.HyperparameterTunning - INFO - Creating Objective Function
2026-07-24 00:25:46,085 - log_generator.HyperparameterTunning - INFO - n_splits: 5
2026-07-24 00:25:46,085 - log_generator.HyperparameterTunning - INFO - parameter_search_space: {'objective': CategoricalDistribution(choices=('binary:logistic',)), 'eval_metric': CategoricalDistribution(choices=('logloss',)), 'scale_pos_weight': CategoricalDistribution(choices=(1.7,)), 'learning_rate': FloatDistribution(high=0.3, log=True, low=0.01, step=None), 'max_depth': IntDistribution(high=10, log=False, low=4, step=1), 'min_child_weight': IntDistribution(high=8, log=False, low=3, step=1), 'subsample': FloatDistribution(high=1.0, log=False, low=0.7, step=None), 'colsample_bytree': FloatDistribution(high=1.0, log=False, low=0.7, step=None), 'reg_alpha': FloatDistribution(high=3.0, log=True, low=1e-08, step=None), 'reg_lambda': FloatDistribution(high=3.0, log=True, low=1.0, step=None)}
2026-07-24 00:25:46,085 - log_generator.HyperparameterTunning - INFO - scoring_func: <lambda>
2026-07-24 00:25:46,085 - log_generator.HyperparameterTunning - INFO - Creating study in optuna
2026-07-24 00:25:46,085 - log_generator.HyperparameterTunning - INFO - Extracting Best Hyperparameters
2026-07-24 00:26:09,162 - log_generator.HyperparameterTunning - INFO - Best Hyperparamters : {'objective': 'binary:logistic', 'eval_metric': 'logloss', 'scale_pos_weight': 1.7, 'learning_rate': 0.05251296713332341, 'max_depth': 7, 'min_child_weight': 8, 'subsample': 0.980666706592175, 'colsample_bytree': 0.7304085001769535, 'reg_alpha': 0.026570703141599067, 'reg_lambda': 2.1150409287470593}
2026-07-24 00:26:09,163 - log_generator.HyperparameterTunning - INFO - Ideal n_estimators: 70
2026-07-24 00:38:59,992 - log_generator.HyperparameterTunning - INFO - Creating Objective Function
2026-07-24 00:38:59,993 - log_generator.HyperparameterTunning - INFO - n_splits: 5
2026-07-24 00:38:59,993 - log_generator.HyperparameterTunning - INFO - parameter_search_space: {'objective': CategoricalDistribution(choices=('binary:logistic',)), 'eval_metric': CategoricalDistribution(choices=('logloss',)), 'scale_pos_weight': CategoricalDistribution(choices=(1.7,)), 'learning_rate': FloatDistribution(high=0.3, log=True, low=0.01, step=None), 'max_depth': IntDistribution(high=10, log=False, low=4, step=1), 'min_child_weight': IntDistribution(high=8, log=False, low=3, step=1), 'subsample': FloatDistribution(high=1.0, log=False, low=0.7, step=None), 'colsample_bytree': FloatDistribution(high=1.0, log=False, low=0.7, step=None), 'reg_alpha': FloatDistribution(high=3.0, log=True, low=1e-08, step=None), 'reg_lambda': FloatDistribution(high=3.0, log=True, low=1.0, step=None)}
2026-07-24 00:38:59,993 - log_generator.HyperparameterTunning - INFO - scoring_func: <lambda>
2026-07-24 00:38:59,993 - log_generator.HyperparameterTunning - INFO - Creating study in optuna
2026-07-24 00:38:59,993 - log_generator.HyperparameterTunning - INFO - Extracting Best Hyperparameters
2026-07-24 00:39:22,190 - log_generator.HyperparameterTunning - INFO - Best Hyperparamters : {'objective': 'binary:logistic', 'eval_metric': 'logloss', 'scale_pos_weight': 1.7, 'learning_rate': 0.17007294704879852, 'max_depth': 4, 'min_child_weight': 8, 'subsample': 0.8953735439037526, 'colsample_bytree': 0.7325494641076484, 'reg_alpha': 1.1237419813927805e-07, 'reg_lambda': 1.0542162186053035}
2026-07-24 00:39:22,191 - log_generator.HyperparameterTunning - INFO - Ideal n_estimators: 27
2026-07-24 00:42:00,033 - log_generator.HyperparameterTunning - INFO - Creating Objective Function
2026-07-24 00:42:00,033 - log_generator.HyperparameterTunning - INFO - n_splits: 5
2026-07-24 00:42:00,033 - log_generator.HyperparameterTunning - INFO - parameter_search_space: {'objective': CategoricalDistribution(choices=('binary:logistic',)), 'eval_metric': CategoricalDistribution(choices=('logloss',)), 'scale_pos_weight': CategoricalDistribution(choices=(1.7,)), 'learning_rate': FloatDistribution(high=0.3, log=True, low=0.01, step=None), 'max_depth': IntDistribution(high=10, log=False, low=4, step=1), 'min_child_weight': IntDistribution(high=8, log=False, low=3, step=1), 'subsample': FloatDistribution(high=1.0, log=False, low=0.7, step=None), 'colsample_bytree': FloatDistribution(high=1.0, log=False, low=0.7, step=None), 'reg_alpha': FloatDistribution(high=3.0, log=True, low=1e-08, step=None), 'reg_lambda': FloatDistribution(high=3.0, log=True, low=1.0, step=None)}
2026-07-24 00:42:00,033 - log_generator.HyperparameterTunning - INFO - scoring_func: <lambda>
2026-07-24 00:42:00,033 - log_generator.HyperparameterTunning - INFO - Creating study in optuna
2026-07-24 00:42:00,034 - log_generator.HyperparameterTunning - INFO - Extracting Best Hyperparameters
2026-07-24 00:42:29,740 - log_generator.HyperparameterTunning - INFO - Best Hyperparamters : {'objective': 'binary:logistic', 'eval_metric': 'logloss', 'scale_pos_weight': 1.7, 'learning_rate': 0.015044067854080034, 'max_depth': 6, 'min_child_weight': 7, 'subsample': 0.7118497227094617, 'colsample_bytree': 0.9697760669258061, 'reg_alpha': 0.05980068953675132, 'reg_lambda': 2.4786110026046195}
2026-07-24 00:42:29,741 - log_generator.HyperparameterTunning - INFO - Ideal n_estimators: 271
2026-07-24 00:44:49,897 - log_generator.HyperparameterTunning - INFO - Creating Objective Function
2026-07-24 00:44:49,897 - log_generator.HyperparameterTunning - INFO - n_splits: 5
2026-07-24 00:44:49,897 - log_generator.HyperparameterTunning - INFO - parameter_search_space: {'objective': CategoricalDistribution(choices=('binary:logistic',)), 'eval_metric': CategoricalDistribution(choices=('logloss',)), 'scale_pos_weight': CategoricalDistribution(choices=(1.7,)), 'learning_rate': FloatDistribution(high=0.3, log=True, low=0.01, step=None), 'max_depth': IntDistribution(high=10, log=False, low=4, step=1), 'min_child_weight': IntDistribution(high=8, log=False, low=3, step=1), 'subsample': FloatDistribution(high=1.0, log=False, low=0.7, step=None), 'colsample_bytree': FloatDistribution(high=1.0, log=False, low=0.7, step=None), 'reg_alpha': FloatDistribution(high=3.0, log=True, low=1e-08, step=None), 'reg_lambda': FloatDistribution(high=3.0, log=True, low=1.0, step=None)}
2026-07-24 00:44:49,897 - log_generator.HyperparameterTunning - INFO - scoring_func: <lambda>
2026-07-24 00:44:49,897 - log_generator.HyperparameterTunning - INFO - Creating study in optuna
2026-07-24 00:44:49,897 - log_generator.HyperparameterTunning - INFO - Extracting Best Hyperparameters
2026-07-24 00:45:11,930 - log_generator.HyperparameterTunning - INFO - Best Hyperparamters : {'objective': 'binary:logistic', 'eval_metric': 'logloss', 'scale_pos_weight': 1.7, 'learning_rate': 0.06638740676527063, 'max_depth': 4, 'min_child_weight': 4, 'subsample': 0.7630094719893245, 'colsample_bytree': 0.9325489877290809, 'reg_alpha': 0.0010406769518531737, 'reg_lambda': 2.998356423919576}
2026-07-24 00:45:11,931 - log_generator.HyperparameterTunning - INFO - Ideal n_estimators: 105
2026-07-24 00:45:11,931 - log_generator.HyperparameterTunning - INFO - Best Hyperparameters saved to /Users/arpit/Desktop/Costumer-Churn-Prediction/models/hyperparameters_20260724_004511.json
2026-07-24 00:51:10,341 - log_generator.HyperparameterTunning - INFO - Creating Objective Function
2026-07-24 00:51:10,342 - log_generator.HyperparameterTunning - INFO - n_splits: 5
2026-07-24 00:51:10,342 - log_generator.HyperparameterTunning - INFO - parameter_search_space: {'objective': CategoricalDistribution(choices=('binary:logistic',)), 'eval_metric': CategoricalDistribution(choices=('logloss',)), 'scale_pos_weight': CategoricalDistribution(choices=(1.7,)), 'learning_rate': FloatDistribution(high=0.3, log=True, low=0.01, step=None), 'max_depth': IntDistribution(high=10, log=False, low=4, step=1), 'min_child_weight': IntDistribution(high=8, log=False, low=3, step=1), 'subsample': FloatDistribution(high=1.0, log=False, low=0.7, step=None), 'colsample_bytree': FloatDistribution(high=1.0, log=False, low=0.7, step=None), 'reg_alpha': FloatDistribution(high=3.0, log=True, low=1e-08, step=None), 'reg_lambda': FloatDistribution(high=3.0, log=True, low=1.0, step=None)}
2026-07-24 00:51:10,342 - log_generator.HyperparameterTunning - INFO - scoring_func: <lambda>
2026-07-24 00:51:10,342 - log_generator.HyperparameterTunning - INFO - Creating study in optuna
2026-07-24 00:51:10,342 - log_generator.HyperparameterTunning - INFO - Extracting Best Hyperparameters
2026-07-24 00:51:36,210 - log_generator.HyperparameterTunning - INFO - Best Hyperparamters : {'objective': 'binary:logistic', 'eval_metric': 'logloss', 'scale_pos_weight': 1.7, 'learning_rate': 0.011019843686870374, 'max_depth': 5, 'min_child_weight': 5, 'subsample': 0.7094183461788244, 'colsample_bytree': 0.7754793270451814, 'reg_alpha': 9.073340142391551e-05, 'reg_lambda': 2.9522473397481095}
2026-07-24 00:51:36,211 - log_generator.HyperparameterTunning - INFO - Ideal n_estimators: 298
2026-07-24 00:51:36,212 - log_generator.HyperparameterTunning - INFO - Best Hyperparameters saved to /Users/arpit/Desktop/Costumer-Churn-Prediction/models/hyperparameters_20260724_005136.json
2026-07-24 00:54:30,070 - log_generator.HyperparameterTunning - INFO - Creating Objective Function
2026-07-24 00:54:30,070 - log_generator.HyperparameterTunning - INFO - n_splits: 5
2026-07-24 00:54:30,070 - log_generator.HyperparameterTunning - INFO - parameter_search_space: {'objective': CategoricalDistribution(choices=('binary:logistic',)), 'eval_metric': CategoricalDistribution(choices=('logloss',)), 'scale_pos_weight': CategoricalDistribution(choices=(1.7,)), 'learning_rate': FloatDistribution(high=0.3, log=True, low=0.01, step=None), 'max_depth': IntDistribution(high=10, log=False, low=4, step=1), 'min_child_weight': IntDistribution(high=8, log=False, low=3, step=1), 'subsample': FloatDistribution(high=1.0, log=False, low=0.7, step=None), 'colsample_bytree': FloatDistribution(high=1.0, log=False, low=0.7, step=None), 'reg_alpha': FloatDistribution(high=3.0, log=True, low=1e-08, step=None), 'reg_lambda': FloatDistribution(high=3.0, log=True, low=1.0, step=None)}
2026-07-24 00:54:30,070 - log_generator.HyperparameterTunning - INFO - scoring_func: <lambda>
2026-07-24 00:54:30,070 - log_generator.HyperparameterTunning - INFO - Creating study in optuna
2026-07-24 00:54:30,071 - log_generator.HyperparameterTunning - INFO - Extracting Best Hyperparameters
2026-07-24 00:54:53,456 - log_generator.HyperparameterTunning - INFO - Best Hyperparamters : {'objective': 'binary:logistic', 'eval_metric': 'logloss', 'scale_pos_weight': 1.7, 'learning_rate': 0.05414139537109169, 'max_depth': 4, 'min_child_weight': 7, 'subsample': 0.8254326442853749, 'colsample_bytree': 0.7085780281610619, 'reg_alpha': 0.0010545887776667292, 'reg_lambda': 2.8588848294302536}
2026-07-24 00:54:53,457 - log_generator.HyperparameterTunning - INFO - Ideal n_estimators: 128
2026-07-24 00:54:53,457 - log_generator.HyperparameterTunning - INFO - Best Hyperparameters saved to /Users/arpit/Desktop/Costumer-Churn-Prediction/models/hyperparameters_20260724_005453.json
